<?xml version="1.0" encoding="UTF-8"?>
<testsuite xmlns:xsi="http://www.w3.org/2001/XMLSchema-instance" xsi:noNamespaceSchemaLocation="https://maven.apache.org/surefire/maven-surefire-plugin/xsd/surefire-test-report-3.0.xsd" version="3.0" name="org.hmis.sesion05.ejercicio2.TestEjercicio2" time="0.022" tests="8" errors="0" skipped="0" failures="0">
  <properties>
[...]
</properties>
  <testcase name="testContrasenaMal(String,String, boolean)" classname="org.hmis.sesion05.ejercicio2.TestEjercicio2" time="0.003"/>
  <testcase name="testLongitud(String,String, boolean)" classname="org.hmis.sesion05.ejercicio2.TestEjercicio2" time="0.001"/>
  <testcase name="testLongitud(String,String, boolean)" classname="org.hmis.sesion05.ejercicio2.TestEjercicio2" time="0"/>
  <testcase name="testContrasenaNoValida(String,String, boolean)" classname="org.hmis.sesion05.ejercicio2.TestEjercicio2" time="0"/>
  <testcase name="testVacio(String,String, boolean)" classname="org.hmis.sesion05.ejercicio2.TestEjercicio2" time="0"/>
  <testcase name="testVacio(String,String, boolean)" classname="org.hmis.sesion05.ejercicio2.TestEjercicio2" time="0"/>
  <testcase name="testCorrecto(String,String, boolean)" classname="org.hmis.sesion05.ejercicio2.TestEjercicio2" time="0"/>
  <testcase name="testUsuarioMal(String,String, boolean)" classname="org.hmis.sesion05.ejercicio2.TestEjercicio2" time="0"/>
</testsuite>